{"C:\\Users\\mahat\\Videos\\github\\namasteReact\\Namaste_recat\\src\\Components\\Body.js": {"path":"C:\\Users\\mahat\\Videos\\github\\namasteReact\\Namaste_recat\\src\\Components\\Body.js","statementMap":{"0":{"start":{"line":6,"column":13},"end":{"line":110,"column":1}},"1":{"start":{"line":7,"column":36},"end":{"line":7,"column":48}},"2":{"start":{"line":8,"column":34},"end":{"line":8,"column":46}},"3":{"start":{"line":9,"column":38},"end":{"line":9,"column":50}},"4":{"start":{"line":10,"column":20},"end":{"line":10,"column":33}},"5":{"start":{"line":11,"column":40},"end":{"line":11,"column":60}},"6":{"start":{"line":12,"column":14},"end":{"line":16,"column":3}},"7":{"start":{"line":13,"column":21},"end":{"line":13,"column":73}},"8":{"start":{"line":13,"column":47},"end":{"line":13,"column":72}},"9":{"start":{"line":15,"column":4},"end":{"line":15,"column":26}},"10":{"start":{"line":18,"column":20},"end":{"line":37,"column":3}},"11":{"start":{"line":19,"column":4},"end":{"line":36,"column":5}},"12":{"start":{"line":20,"column":23},"end":{"line":22,"column":7}},"13":{"start":{"line":23,"column":19},"end":{"line":23,"column":40}},"14":{"start":{"line":26,"column":8},"end":{"line":30,"column":10}},"15":{"start":{"line":32,"column":6},"end":{"line":32,"column":32}},"16":{"start":{"line":33,"column":6},"end":{"line":33,"column":31}},"17":{"start":{"line":35,"column":6},"end":{"line":35,"column":51}},"18":{"start":{"line":39,"column":2},"end":{"line":41,"column":9}},"19":{"start":{"line":40,"column":4},"end":{"line":40,"column":16}},"20":{"start":{"line":43,"column":17},"end":{"line":43,"column":35}},"21":{"start":{"line":44,"column":2},"end":{"line":46,"column":3}},"22":{"start":{"line":45,"column":4},"end":{"line":45,"column":67}},"23":{"start":{"line":48,"column":2},"end":{"line":109,"column":4}},"24":{"start":{"line":59,"column":27},"end":{"line":59,"column":56}},"25":{"start":{"line":64,"column":29},"end":{"line":66,"column":13}},"26":{"start":{"line":65,"column":14},"end":{"line":65,"column":76}},"27":{"start":{"line":67,"column":12},"end":{"line":67,"column":34}},"28":{"start":{"line":79,"column":12},"end":{"line":79,"column":43}},"29":{"start":{"line":98,"column":12},"end":{"line":104,"column":19}}},"fnMap":{"0":{"name":"(anonymous_0)","decl":{"start":{"line":6,"column":13},"end":{"line":6,"column":14}},"loc":{"start":{"line":6,"column":19},"end":{"line":110,"column":1}},"line":6},"1":{"name":"(anonymous_1)","decl":{"start":{"line":12,"column":14},"end":{"line":12,"column":15}},"loc":{"start":{"line":12,"column":20},"end":{"line":16,"column":3}},"line":12},"2":{"name":"(anonymous_2)","decl":{"start":{"line":13,"column":38},"end":{"line":13,"column":39}},"loc":{"start":{"line":13,"column":47},"end":{"line":13,"column":72}},"line":13},"3":{"name":"(anonymous_3)","decl":{"start":{"line":18,"column":20},"end":{"line":18,"column":21}},"loc":{"start":{"line":18,"column":32},"end":{"line":37,"column":3}},"line":18},"4":{"name":"(anonymous_4)","decl":{"start":{"line":39,"column":12},"end":{"line":39,"column":13}},"loc":{"start":{"line":39,"column":18},"end":{"line":41,"column":3}},"line":39},"5":{"name":"(anonymous_5)","decl":{"start":{"line":59,"column":20},"end":{"line":59,"column":21}},"loc":{"start":{"line":59,"column":27},"end":{"line":59,"column":56}},"line":59},"6":{"name":"(anonymous_6)","decl":{"start":{"line":63,"column":19},"end":{"line":63,"column":20}},"loc":{"start":{"line":63,"column":25},"end":{"line":68,"column":11}},"line":63},"7":{"name":"(anonymous_7)","decl":{"start":{"line":64,"column":46},"end":{"line":64,"column":47}},"loc":{"start":{"line":65,"column":14},"end":{"line":65,"column":76}},"line":65},"8":{"name":"(anonymous_8)","decl":{"start":{"line":78,"column":20},"end":{"line":78,"column":21}},"loc":{"start":{"line":78,"column":27},"end":{"line":80,"column":11}},"line":78},"9":{"name":"(anonymous_9)","decl":{"start":{"line":97,"column":23},"end":{"line":97,"column":24}},"loc":{"start":{"line":98,"column":12},"end":{"line":104,"column":19}},"line":98}},"branchMap":{"0":{"loc":{"start":{"line":26,"column":8},"end":{"line":30,"column":10}},"type":"binary-expr","locations":[{"start":{"line":26,"column":8},"end":{"line":27,"column":23}},{"start":{"line":28,"column":8},"end":{"line":29,"column":23}},{"start":{"line":30,"column":8},"end":{"line":30,"column":10}}],"line":26},"1":{"loc":{"start":{"line":44,"column":2},"end":{"line":46,"column":3}},"type":"if","locations":[{"start":{"line":44,"column":2},"end":{"line":46,"column":3}},{"start":{},"end":{}}],"line":44},"2":{"loc":{"start":{"line":94,"column":9},"end":{"line":106,"column":9}},"type":"cond-expr","locations":[{"start":{"line":95,"column":10},"end":{"line":95,"column":29}},{"start":{"line":97,"column":10},"end":{"line":105,"column":12}}],"line":94},"3":{"loc":{"start":{"line":99,"column":15},"end":{"line":103,"column":15}},"type":"cond-expr","locations":[{"start":{"line":100,"column":16},"end":{"line":100,"column":45}},{"start":{"line":102,"column":16},"end":{"line":102,"column":40}}],"line":99}},"s":{"0":2,"1":16,"2":16,"3":16,"4":16,"5":16,"6":16,"7":2,"8":18,"9":2,"10":16,"11":5,"12":5,"13":5,"14":5,"15":5,"16":5,"17":0,"18":16,"19":5,"20":16,"21":16,"22":0,"23":16,"24":2,"25":2,"26":18,"27":2,"28":0,"29":71},"f":{"0":16,"1":2,"2":18,"3":5,"4":5,"5":2,"6":2,"7":18,"8":0,"9":71},"b":{"0":[5,5,0],"1":[0,16],"2":[5,11],"3":[34,37]},"_coverageSchema":"1a1c01bbd47fc00a2c39e90264f33305004495a9","hash":"9c095cd209349f8219af252831d0d3f4a051d645"}
,"C:\\Users\\mahat\\Videos\\github\\namasteReact\\Namaste_recat\\src\\Components\\Card.js": {"path":"C:\\Users\\mahat\\Videos\\github\\namasteReact\\Namaste_recat\\src\\Components\\Card.js","statementMap":{"0":{"start":{"line":4,"column":13},"end":{"line":21,"column":1}},"1":{"start":{"line":7,"column":2},"end":{"line":20,"column":4}},"2":{"start":{"line":22,"column":23},"end":{"line":31,"column":1}},"3":{"start":{"line":23,"column":2},"end":{"line":30,"column":4}},"4":{"start":{"line":24,"column":4},"end":{"line":29,"column":6}}},"fnMap":{"0":{"name":"(anonymous_0)","decl":{"start":{"line":4,"column":13},"end":{"line":4,"column":14}},"loc":{"start":{"line":4,"column":27},"end":{"line":21,"column":1}},"line":4},"1":{"name":"(anonymous_1)","decl":{"start":{"line":22,"column":23},"end":{"line":22,"column":24}},"loc":{"start":{"line":22,"column":33},"end":{"line":31,"column":1}},"line":22},"2":{"name":"(anonymous_2)","decl":{"start":{"line":23,"column":9},"end":{"line":23,"column":10}},"loc":{"start":{"line":23,"column":20},"end":{"line":30,"column":3}},"line":23}},"branchMap":{},"s":{"0":3,"1":73,"2":3,"3":16,"4":34},"f":{"0":73,"1":16,"2":34},"b":{},"_coverageSchema":"1a1c01bbd47fc00a2c39e90264f33305004495a9","hash":"7a72d2d4dae30a366d280f45519ad062141e112f"}
,"C:\\Users\\mahat\\Videos\\github\\namasteReact\\Namaste_recat\\src\\Components\\Cart.js": {"path":"C:\\Users\\mahat\\Videos\\github\\namasteReact\\Namaste_recat\\src\\Components\\Cart.js","statementMap":{"0":{"start":{"line":5,"column":13},"end":{"line":40,"column":1}},"1":{"start":{"line":6,"column":19},"end":{"line":6,"column":32}},"2":{"start":{"line":7,"column":20},"end":{"line":7,"column":60}},"3":{"start":{"line":7,"column":43},"end":{"line":7,"column":59}},"4":{"start":{"line":15,"column":23},"end":{"line":17,"column":3}},"5":{"start":{"line":16,"column":4},"end":{"line":16,"column":26}},"6":{"start":{"line":18,"column":2},"end":{"line":39,"column":4}}},"fnMap":{"0":{"name":"(anonymous_0)","decl":{"start":{"line":5,"column":13},"end":{"line":5,"column":14}},"loc":{"start":{"line":5,"column":19},"end":{"line":40,"column":1}},"line":5},"1":{"name":"(anonymous_1)","decl":{"start":{"line":7,"column":32},"end":{"line":7,"column":33}},"loc":{"start":{"line":7,"column":43},"end":{"line":7,"column":59}},"line":7},"2":{"name":"(anonymous_2)","decl":{"start":{"line":15,"column":23},"end":{"line":15,"column":24}},"loc":{"start":{"line":15,"column":29},"end":{"line":17,"column":3}},"line":15}},"branchMap":{"0":{"loc":{"start":{"line":32,"column":7},"end":{"line":36,"column":7}},"type":"binary-expr","locations":[{"start":{"line":32,"column":7},"end":{"line":32,"column":29}},{"start":{"line":33,"column":8},"end":{"line":35,"column":13}}],"line":32}},"s":{"0":1,"1":3,"2":3,"3":6,"4":3,"5":1,"6":3},"f":{"0":3,"1":6,"2":1},"b":{"0":[3,2]},"_coverageSchema":"1a1c01bbd47fc00a2c39e90264f33305004495a9","hash":"bde9fb4298709f78ff45ea204a048aee8a9c30ea"}
,"C:\\Users\\mahat\\Videos\\github\\namasteReact\\Namaste_recat\\src\\Components\\CatItems.js": {"path":"C:\\Users\\mahat\\Videos\\github\\namasteReact\\Namaste_recat\\src\\Components\\CatItems.js","statementMap":{"0":{"start":{"line":5,"column":17},"end":{"line":48,"column":1}},"1":{"start":{"line":6,"column":19},"end":{"line":6,"column":32}},"2":{"start":{"line":8,"column":24},"end":{"line":11,"column":3}},"3":{"start":{"line":10,"column":4},"end":{"line":10,"column":28}},"4":{"start":{"line":13,"column":2},"end":{"line":47,"column":4}},"5":{"start":{"line":16,"column":8},"end":{"line":44,"column":14}},"6":{"start":{"line":37,"column":31},"end":{"line":37,"column":50}}},"fnMap":{"0":{"name":"(anonymous_0)","decl":{"start":{"line":5,"column":17},"end":{"line":5,"column":18}},"loc":{"start":{"line":5,"column":32},"end":{"line":48,"column":1}},"line":5},"1":{"name":"(anonymous_1)","decl":{"start":{"line":8,"column":24},"end":{"line":8,"column":25}},"loc":{"start":{"line":8,"column":34},"end":{"line":11,"column":3}},"line":8},"2":{"name":"(anonymous_2)","decl":{"start":{"line":15,"column":17},"end":{"line":15,"column":18}},"loc":{"start":{"line":16,"column":8},"end":{"line":44,"column":14}},"line":16},"3":{"name":"(anonymous_3)","decl":{"start":{"line":37,"column":25},"end":{"line":37,"column":26}},"loc":{"start":{"line":37,"column":31},"end":{"line":37,"column":50}},"line":37}},"branchMap":{"0":{"loc":{"start":{"line":26,"column":17},"end":{"line":28,"column":53}},"type":"cond-expr","locations":[{"start":{"line":27,"column":20},"end":{"line":27,"column":46}},{"start":{"line":28,"column":20},"end":{"line":28,"column":53}}],"line":26}},"s":{"0":1,"1":4,"2":4,"3":1,"4":4,"5":9,"6":1},"f":{"0":4,"1":1,"2":9,"3":1},"b":{"0":[0,9]},"_coverageSchema":"1a1c01bbd47fc00a2c39e90264f33305004495a9","hash":"afc43d09e395e5eab2e5113c02e7e5c339dc8098"}
,"C:\\Users\\mahat\\Videos\\github\\namasteReact\\Namaste_recat\\src\\Components\\ContactUs.js": {"path":"C:\\Users\\mahat\\Videos\\github\\namasteReact\\Namaste_recat\\src\\Components\\ContactUs.js","statementMap":{"0":{"start":{"line":1,"column":18},"end":{"line":12,"column":1}},"1":{"start":{"line":2,"column":4},"end":{"line":11,"column":6}}},"fnMap":{"0":{"name":"(anonymous_0)","decl":{"start":{"line":1,"column":18},"end":{"line":1,"column":19}},"loc":{"start":{"line":1,"column":24},"end":{"line":12,"column":1}},"line":1}},"branchMap":{},"s":{"0":1,"1":5},"f":{"0":5},"b":{},"_coverageSchema":"1a1c01bbd47fc00a2c39e90264f33305004495a9","hash":"d5da352e155b9eb28d48788d509bf2c9e00ac23e"}
,"C:\\Users\\mahat\\Videos\\github\\namasteReact\\Namaste_recat\\src\\Components\\Header.js": {"path":"C:\\Users\\mahat\\Videos\\github\\namasteReact\\Namaste_recat\\src\\Components\\Header.js","statementMap":{"0":{"start":{"line":6,"column":15},"end":{"line":53,"column":1}},"1":{"start":{"line":7,"column":17},"end":{"line":7,"column":35}},"2":{"start":{"line":8,"column":32},"end":{"line":8,"column":49}},"3":{"start":{"line":9,"column":24},"end":{"line":9,"column":44}},"4":{"start":{"line":10,"column":15},"end":{"line":10,"column":55}},"5":{"start":{"line":10,"column":38},"end":{"line":10,"column":54}},"6":{"start":{"line":11,"column":2},"end":{"line":52,"column":4}},"7":{"start":{"line":40,"column":16},"end":{"line":42,"column":40}}},"fnMap":{"0":{"name":"(anonymous_0)","decl":{"start":{"line":6,"column":15},"end":{"line":6,"column":16}},"loc":{"start":{"line":6,"column":21},"end":{"line":53,"column":1}},"line":6},"1":{"name":"(anonymous_1)","decl":{"start":{"line":10,"column":27},"end":{"line":10,"column":28}},"loc":{"start":{"line":10,"column":38},"end":{"line":10,"column":54}},"line":10},"2":{"name":"(anonymous_2)","decl":{"start":{"line":39,"column":23},"end":{"line":39,"column":24}},"loc":{"start":{"line":39,"column":29},"end":{"line":43,"column":15}},"line":39}},"branchMap":{"0":{"loc":{"start":{"line":20,"column":22},"end":{"line":20,"column":42}},"type":"cond-expr","locations":[{"start":{"line":20,"column":31},"end":{"line":20,"column":35}},{"start":{"line":20,"column":38},"end":{"line":20,"column":42}}],"line":20},"1":{"loc":{"start":{"line":40,"column":16},"end":{"line":42,"column":39}},"type":"cond-expr","locations":[{"start":{"line":41,"column":20},"end":{"line":41,"column":40}},{"start":{"line":42,"column":20},"end":{"line":42,"column":39}}],"line":40}},"s":{"0":2,"1":7,"2":7,"3":7,"4":7,"5":13,"6":7,"7":1},"f":{"0":7,"1":13,"2":1},"b":{"0":[7,0],"1":[1,0]},"_coverageSchema":"1a1c01bbd47fc00a2c39e90264f33305004495a9","hash":"281644b2ebd0a65ee90aba5207049bb771a5b354"}
,"C:\\Users\\mahat\\Videos\\github\\namasteReact\\Namaste_recat\\src\\Components\\Menu.js": {"path":"C:\\Users\\mahat\\Videos\\github\\namasteReact\\Namaste_recat\\src\\Components\\Menu.js","statementMap":{"0":{"start":{"line":7,"column":13},"end":{"line":57,"column":1}},"1":{"start":{"line":8,"column":36},"end":{"line":8,"column":50}},"2":{"start":{"line":9,"column":20},"end":{"line":9,"column":31}},"3":{"start":{"line":10,"column":17},"end":{"line":10,"column":28}},"4":{"start":{"line":12,"column":15},"end":{"line":12,"column":29}},"5":{"start":{"line":14,"column":2},"end":{"line":16,"column":3}},"6":{"start":{"line":15,"column":4},"end":{"line":15,"column":31}},"7":{"start":{"line":17,"column":29},"end":{"line":17,"column":67}},"8":{"start":{"line":19,"column":4},"end":{"line":28,"column":5}},"9":{"start":{"line":21,"column":8},"end":{"line":22,"column":70}},"10":{"start":{"line":26,"column":8},"end":{"line":27,"column":70}},"11":{"start":{"line":41,"column":2},"end":{"line":56,"column":4}},"12":{"start":{"line":48,"column":8},"end":{"line":53,"column":10}},"13":{"start":{"line":52,"column":30},"end":{"line":52,"column":49}}},"fnMap":{"0":{"name":"(anonymous_0)","decl":{"start":{"line":7,"column":13},"end":{"line":7,"column":14}},"loc":{"start":{"line":7,"column":19},"end":{"line":57,"column":1}},"line":7},"1":{"name":"(anonymous_1)","decl":{"start":{"line":20,"column":6},"end":{"line":20,"column":7}},"loc":{"start":{"line":21,"column":8},"end":{"line":22,"column":70}},"line":21},"2":{"name":"(anonymous_2)","decl":{"start":{"line":25,"column":6},"end":{"line":25,"column":7}},"loc":{"start":{"line":26,"column":8},"end":{"line":27,"column":70}},"line":26},"3":{"name":"(anonymous_3)","decl":{"start":{"line":47,"column":20},"end":{"line":47,"column":21}},"loc":{"start":{"line":48,"column":8},"end":{"line":53,"column":10}},"line":48},"4":{"name":"(anonymous_4)","decl":{"start":{"line":52,"column":24},"end":{"line":52,"column":25}},"loc":{"start":{"line":52,"column":30},"end":{"line":52,"column":49}},"line":52}},"branchMap":{"0":{"loc":{"start":{"line":14,"column":2},"end":{"line":16,"column":3}},"type":"if","locations":[{"start":{"line":14,"column":2},"end":{"line":16,"column":3}},{"start":{},"end":{}}],"line":14},"1":{"loc":{"start":{"line":19,"column":4},"end":{"line":28,"column":5}},"type":"binary-expr","locations":[{"start":{"line":19,"column":4},"end":{"line":23,"column":5}},{"start":{"line":24,"column":4},"end":{"line":28,"column":5}}],"line":19}},"s":{"0":1,"1":3,"2":3,"3":3,"4":3,"5":3,"6":1,"7":2,"8":2,"9":36,"10":0,"11":2,"12":28,"13":1},"f":{"0":3,"1":36,"2":0,"3":28,"4":1},"b":{"0":[1,2],"1":[2,0]},"_coverageSchema":"1a1c01bbd47fc00a2c39e90264f33305004495a9","hash":"20bfa53f97716e3f23f26bd8546a7e36d7efc34e"}
,"C:\\Users\\mahat\\Videos\\github\\namasteReact\\Namaste_recat\\src\\Components\\ResCat.js": {"path":"C:\\Users\\mahat\\Videos\\github\\namasteReact\\Namaste_recat\\src\\Components\\ResCat.js","statementMap":{"0":{"start":{"line":4,"column":15},"end":{"line":23,"column":1}},"1":{"start":{"line":6,"column":2},"end":{"line":8,"column":4}},"2":{"start":{"line":7,"column":4},"end":{"line":7,"column":19}},"3":{"start":{"line":9,"column":2},"end":{"line":22,"column":4}}},"fnMap":{"0":{"name":"(anonymous_0)","decl":{"start":{"line":4,"column":15},"end":{"line":4,"column":16}},"loc":{"start":{"line":4,"column":49},"end":{"line":23,"column":1}},"line":4},"1":{"name":"(anonymous_1)","decl":{"start":{"line":6,"column":16},"end":{"line":6,"column":17}},"loc":{"start":{"line":6,"column":22},"end":{"line":8,"column":3}},"line":6}},"branchMap":{"0":{"loc":{"start":{"line":20,"column":12},"end":{"line":20,"column":72}},"type":"binary-expr","locations":[{"start":{"line":20,"column":12},"end":{"line":20,"column":16}},{"start":{"line":20,"column":20},"end":{"line":20,"column":72}}],"line":20}},"s":{"0":1,"1":28,"2":1,"3":28},"f":{"0":28,"1":1},"b":{"0":[28,1]},"_coverageSchema":"1a1c01bbd47fc00a2c39e90264f33305004495a9","hash":"77f0af441492fb46619f692a2e037a69085176d4"}
,"C:\\Users\\mahat\\Videos\\github\\namasteReact\\Namaste_recat\\src\\Components\\sum.js": {"path":"C:\\Users\\mahat\\Videos\\github\\namasteReact\\Namaste_recat\\src\\Components\\sum.js","statementMap":{"0":{"start":{"line":1,"column":19},"end":{"line":3,"column":1}},"1":{"start":{"line":2,"column":2},"end":{"line":2,"column":15}}},"fnMap":{"0":{"name":"(anonymous_0)","decl":{"start":{"line":1,"column":19},"end":{"line":1,"column":20}},"loc":{"start":{"line":1,"column":29},"end":{"line":3,"column":1}},"line":1}},"branchMap":{},"s":{"0":1,"1":1},"f":{"0":1},"b":{},"_coverageSchema":"1a1c01bbd47fc00a2c39e90264f33305004495a9","hash":"6f1b3f321ee3c6d1e525659abb6ed92fd614bbb3"}
,"C:\\Users\\mahat\\Videos\\github\\namasteReact\\Namaste_recat\\src\\utils\\CartSlice.js": {"path":"C:\\Users\\mahat\\Videos\\github\\namasteReact\\Namaste_recat\\src\\utils\\CartSlice.js","statementMap":{"0":{"start":{"line":3,"column":18},"end":{"line":27,"column":2}},"1":{"start":{"line":10,"column":6},"end":{"line":10,"column":39}},"2":{"start":{"line":11,"column":6},"end":{"line":11,"column":34}},"3":{"start":{"line":14,"column":6},"end":{"line":14,"column":24}},"4":{"start":{"line":23,"column":6},"end":{"line":23,"column":29}},"5":{"start":{"line":24,"column":6},"end":{"line":24,"column":34}},"6":{"start":{"line":28,"column":50},"end":{"line":28,"column":67}}},"fnMap":{"0":{"name":"(anonymous_0)","decl":{"start":{"line":9,"column":13},"end":{"line":9,"column":14}},"loc":{"start":{"line":9,"column":32},"end":{"line":12,"column":5}},"line":9},"1":{"name":"(anonymous_1)","decl":{"start":{"line":13,"column":16},"end":{"line":13,"column":17}},"loc":{"start":{"line":13,"column":27},"end":{"line":15,"column":5}},"line":13},"2":{"name":"(anonymous_2)","decl":{"start":{"line":22,"column":15},"end":{"line":22,"column":16}},"loc":{"start":{"line":22,"column":26},"end":{"line":25,"column":5}},"line":22}},"branchMap":{},"s":{"0":2,"1":1,"2":1,"3":0,"4":1,"5":1,"6":2},"f":{"0":1,"1":0,"2":1},"b":{},"_coverageSchema":"1a1c01bbd47fc00a2c39e90264f33305004495a9","hash":"300bf68b4ca28f2a5b487550dcd84a18f0ea5292"}
,"C:\\Users\\mahat\\Videos\\github\\namasteReact\\Namaste_recat\\src\\utils\\UserContext.js": {"path":"C:\\Users\\mahat\\Videos\\github\\namasteReact\\Namaste_recat\\src\\utils\\UserContext.js","statementMap":{"0":{"start":{"line":3,"column":17},"end":{"line":5,"column":2}}},"fnMap":{},"branchMap":{},"s":{"0":4},"f":{},"b":{},"_coverageSchema":"1a1c01bbd47fc00a2c39e90264f33305004495a9","hash":"9e0c2ec9ce3730fd74d4223cfa23c9e6c380a5be"}
,"C:\\Users\\mahat\\Videos\\github\\namasteReact\\Namaste_recat\\src\\utils\\appStore.js": {"path":"C:\\Users\\mahat\\Videos\\github\\namasteReact\\Namaste_recat\\src\\utils\\appStore.js","statementMap":{"0":{"start":{"line":3,"column":17},"end":{"line":7,"column":2}}},"fnMap":{},"branchMap":{},"s":{"0":2},"f":{},"b":{},"_coverageSchema":"1a1c01bbd47fc00a2c39e90264f33305004495a9","hash":"9ebefb0eff8d933084c3a0805d71de548e56b8d8"}
,"C:\\Users\\mahat\\Videos\\github\\namasteReact\\Namaste_recat\\src\\utils\\link.js": {"path":"C:\\Users\\mahat\\Videos\\github\\namasteReact\\Namaste_recat\\src\\utils\\link.js","statementMap":{"0":{"start":{"line":1,"column":22},"end":{"line":1,"column":105}},"1":{"start":{"line":2,"column":23},"end":{"line":2,"column":146}}},"fnMap":{},"branchMap":{},"s":{"0":4,"1":4},"f":{},"b":{},"_coverageSchema":"1a1c01bbd47fc00a2c39e90264f33305004495a9","hash":"36068c0b551d4dba7924c20155a5a555415fbe48"}
,"C:\\Users\\mahat\\Videos\\github\\namasteReact\\Namaste_recat\\src\\utils\\restaurantList.js": {"path":"C:\\Users\\mahat\\Videos\\github\\namasteReact\\Namaste_recat\\src\\utils\\restaurantList.js","statementMap":{"0":{"start":{"line":1,"column":30},"end":{"line":107,"column":1}}},"fnMap":{},"branchMap":{},"s":{"0":3},"f":{},"b":{},"_coverageSchema":"1a1c01bbd47fc00a2c39e90264f33305004495a9","hash":"a272e1476a56adb9a39c66e920e63c15589ae801"}
,"C:\\Users\\mahat\\Videos\\github\\namasteReact\\Namaste_recat\\src\\utils\\useMenu.js": {"path":"C:\\Users\\mahat\\Videos\\github\\namasteReact\\Namaste_recat\\src\\utils\\useMenu.js","statementMap":{"0":{"start":{"line":4,"column":16},"end":{"line":16,"column":1}},"1":{"start":{"line":5,"column":26},"end":{"line":5,"column":38}},"2":{"start":{"line":6,"column":2},"end":{"line":8,"column":9}},"3":{"start":{"line":7,"column":4},"end":{"line":7,"column":16}},"4":{"start":{"line":9,"column":20},"end":{"line":14,"column":3}},"5":{"start":{"line":10,"column":17},"end":{"line":10,"column":46}},"6":{"start":{"line":11,"column":17},"end":{"line":11,"column":34}},"7":{"start":{"line":12,"column":4},"end":{"line":12,"column":18}},"8":{"start":{"line":15,"column":2},"end":{"line":15,"column":13}}},"fnMap":{"0":{"name":"(anonymous_0)","decl":{"start":{"line":4,"column":16},"end":{"line":4,"column":17}},"loc":{"start":{"line":4,"column":27},"end":{"line":16,"column":1}},"line":4},"1":{"name":"(anonymous_1)","decl":{"start":{"line":6,"column":12},"end":{"line":6,"column":13}},"loc":{"start":{"line":6,"column":18},"end":{"line":8,"column":3}},"line":6},"2":{"name":"(anonymous_2)","decl":{"start":{"line":9,"column":20},"end":{"line":9,"column":21}},"loc":{"start":{"line":9,"column":32},"end":{"line":14,"column":3}},"line":9}},"branchMap":{},"s":{"0":1,"1":3,"2":3,"3":1,"4":3,"5":1,"6":1,"7":1,"8":3},"f":{"0":3,"1":1,"2":1},"b":{},"_coverageSchema":"1a1c01bbd47fc00a2c39e90264f33305004495a9","hash":"fbbf14eca7e4509fc08dd5234731285969c4ad43"}
,"C:\\Users\\mahat\\Videos\\github\\namasteReact\\Namaste_recat\\src\\utils\\useOnlineOffline.js": {"path":"C:\\Users\\mahat\\Videos\\github\\namasteReact\\Namaste_recat\\src\\utils\\useOnlineOffline.js","statementMap":{"0":{"start":{"line":3,"column":25},"end":{"line":15,"column":1}},"1":{"start":{"line":4,"column":30},"end":{"line":4,"column":44}},"2":{"start":{"line":6,"column":2},"end":{"line":13,"column":9}},"3":{"start":{"line":7,"column":4},"end":{"line":9,"column":7}},"4":{"start":{"line":8,"column":6},"end":{"line":8,"column":23}},"5":{"start":{"line":10,"column":4},"end":{"line":12,"column":7}},"6":{"start":{"line":11,"column":6},"end":{"line":11,"column":22}},"7":{"start":{"line":14,"column":2},"end":{"line":14,"column":16}}},"fnMap":{"0":{"name":"(anonymous_0)","decl":{"start":{"line":3,"column":25},"end":{"line":3,"column":26}},"loc":{"start":{"line":3,"column":31},"end":{"line":15,"column":1}},"line":3},"1":{"name":"(anonymous_1)","decl":{"start":{"line":6,"column":12},"end":{"line":6,"column":13}},"loc":{"start":{"line":6,"column":18},"end":{"line":13,"column":3}},"line":6},"2":{"name":"(anonymous_2)","decl":{"start":{"line":7,"column":39},"end":{"line":7,"column":40}},"loc":{"start":{"line":7,"column":45},"end":{"line":9,"column":5}},"line":7},"3":{"name":"(anonymous_3)","decl":{"start":{"line":10,"column":38},"end":{"line":10,"column":39}},"loc":{"start":{"line":10,"column":44},"end":{"line":12,"column":5}},"line":10}},"branchMap":{},"s":{"0":4,"1":23,"2":23,"3":9,"4":0,"5":9,"6":0,"7":23},"f":{"0":23,"1":9,"2":0,"3":0},"b":{},"_coverageSchema":"1a1c01bbd47fc00a2c39e90264f33305004495a9","hash":"84ec6ca04de146dcc99b1a417588552086879e4e"}
}
