TN:
SF:src\Components\Body.js
FN:6,(anonymous_0)
FN:12,(anonymous_1)
FN:13,(anonymous_2)
FN:18,(anonymous_3)
FN:39,(anonymous_4)
FN:59,(anonymous_5)
FN:63,(anonymous_6)
FN:64,(anonymous_7)
FN:78,(anonymous_8)
FN:97,(anonymous_9)
FNF:10
FNH:9
FNDA:16,(anonymous_0)
FNDA:2,(anonymous_1)
FNDA:18,(anonymous_2)
FNDA:5,(anonymous_3)
FNDA:5,(anonymous_4)
FNDA:2,(anonymous_5)
FNDA:2,(anonymous_6)
FNDA:18,(anonymous_7)
FNDA:0,(anonymous_8)
FNDA:71,(anonymous_9)
DA:6,2
DA:7,16
DA:8,16
DA:9,16
DA:10,16
DA:11,16
DA:12,16
DA:13,18
DA:15,2
DA:18,16
DA:19,5
DA:20,5
DA:23,5
DA:26,5
DA:32,5
DA:33,5
DA:35,0
DA:39,16
DA:40,5
DA:43,16
DA:44,16
DA:45,0
DA:48,16
DA:59,2
DA:64,2
DA:65,18
DA:67,2
DA:79,0
DA:98,71
LF:29
LH:26
BRDA:26,0,0,5
BRDA:26,0,1,5
BRDA:26,0,2,0
BRDA:44,1,0,0
BRDA:44,1,1,16
BRDA:94,2,0,5
BRDA:94,2,1,11
BRDA:99,3,0,34
BRDA:99,3,1,37
BRF:9
BRH:7
end_of_record
TN:
SF:src\Components\Card.js
FN:4,(anonymous_0)
FN:22,(anonymous_1)
FN:23,(anonymous_2)
FNF:3
FNH:3
FNDA:73,(anonymous_0)
FNDA:16,(anonymous_1)
FNDA:34,(anonymous_2)
DA:4,3
DA:7,73
DA:22,3
DA:23,16
DA:24,34
LF:5
LH:5
BRF:0
BRH:0
end_of_record
TN:
SF:src\Components\Cart.js
FN:5,(anonymous_0)
FN:7,(anonymous_1)
FN:15,(anonymous_2)
FNF:3
FNH:3
FNDA:3,(anonymous_0)
FNDA:6,(anonymous_1)
FNDA:1,(anonymous_2)
DA:5,1
DA:6,3
DA:7,6
DA:15,3
DA:16,1
DA:18,3
LF:6
LH:6
BRDA:32,0,0,3
BRDA:32,0,1,2
BRF:2
BRH:2
end_of_record
TN:
SF:src\Components\CatItems.js
FN:5,(anonymous_0)
FN:8,(anonymous_1)
FN:15,(anonymous_2)
FN:37,(anonymous_3)
FNF:4
FNH:4
FNDA:4,(anonymous_0)
FNDA:1,(anonymous_1)
FNDA:9,(anonymous_2)
FNDA:1,(anonymous_3)
DA:5,1
DA:6,4
DA:8,4
DA:10,1
DA:13,4
DA:16,9
DA:37,1
LF:7
LH:7
BRDA:26,0,0,0
BRDA:26,0,1,9
BRF:2
BRH:1
end_of_record
TN:
SF:src\Components\ContactUs.js
FN:1,(anonymous_0)
FNF:1
FNH:1
FNDA:5,(anonymous_0)
DA:1,1
DA:2,5
LF:2
LH:2
BRF:0
BRH:0
end_of_record
TN:
SF:src\Components\Header.js
FN:6,(anonymous_0)
FN:10,(anonymous_1)
FN:39,(anonymous_2)
FNF:3
FNH:3
FNDA:7,(anonymous_0)
FNDA:13,(anonymous_1)
FNDA:1,(anonymous_2)
DA:6,2
DA:7,7
DA:8,7
DA:9,7
DA:10,13
DA:11,7
DA:40,1
LF:7
LH:7
BRDA:20,0,0,7
BRDA:20,0,1,0
BRDA:40,1,0,1
BRDA:40,1,1,0
BRF:4
BRH:2
end_of_record
TN:
SF:src\Components\Menu.js
FN:7,(anonymous_0)
FN:20,(anonymous_1)
FN:25,(anonymous_2)
FN:47,(anonymous_3)
FN:52,(anonymous_4)
FNF:5
FNH:4
FNDA:3,(anonymous_0)
FNDA:36,(anonymous_1)
FNDA:0,(anonymous_2)
FNDA:28,(anonymous_3)
FNDA:1,(anonymous_4)
DA:7,1
DA:8,3
DA:9,3
DA:10,3
DA:12,3
DA:14,3
DA:15,1
DA:17,2
DA:19,2
DA:21,36
DA:26,0
DA:41,2
DA:48,28
DA:52,1
LF:14
LH:13
BRDA:14,0,0,1
BRDA:14,0,1,2
BRDA:19,1,0,2
BRDA:19,1,1,0
BRF:4
BRH:3
end_of_record
TN:
SF:src\Components\ResCat.js
FN:4,(anonymous_0)
FN:6,(anonymous_1)
FNF:2
FNH:2
FNDA:28,(anonymous_0)
FNDA:1,(anonymous_1)
DA:4,1
DA:6,28
DA:7,1
DA:9,28
LF:4
LH:4
BRDA:20,0,0,28
BRDA:20,0,1,1
BRF:2
BRH:2
end_of_record
TN:
SF:src\Components\sum.js
FN:1,(anonymous_0)
FNF:1
FNH:1
FNDA:1,(anonymous_0)
DA:1,1
DA:2,1
LF:2
LH:2
BRF:0
BRH:0
end_of_record
TN:
SF:src\utils\CartSlice.js
FN:9,(anonymous_0)
FN:13,(anonymous_1)
FN:22,(anonymous_2)
FNF:3
FNH:2
FNDA:1,(anonymous_0)
FNDA:0,(anonymous_1)
FNDA:1,(anonymous_2)
DA:3,2
DA:10,1
DA:11,1
DA:14,0
DA:23,1
DA:24,1
DA:28,2
LF:7
LH:6
BRF:0
BRH:0
end_of_record
TN:
SF:src\utils\UserContext.js
FNF:0
FNH:0
DA:3,4
LF:1
LH:1
BRF:0
BRH:0
end_of_record
TN:
SF:src\utils\appStore.js
FNF:0
FNH:0
DA:3,2
LF:1
LH:1
BRF:0
BRH:0
end_of_record
TN:
SF:src\utils\link.js
FNF:0
FNH:0
DA:1,4
DA:2,4
LF:2
LH:2
BRF:0
BRH:0
end_of_record
TN:
SF:src\utils\restaurantList.js
FNF:0
FNH:0
DA:1,3
LF:1
LH:1
BRF:0
BRH:0
end_of_record
TN:
SF:src\utils\useMenu.js
FN:4,(anonymous_0)
FN:6,(anonymous_1)
FN:9,(anonymous_2)
FNF:3
FNH:3
FNDA:3,(anonymous_0)
FNDA:1,(anonymous_1)
FNDA:1,(anonymous_2)
DA:4,1
DA:5,3
DA:6,3
DA:7,1
DA:9,3
DA:10,1
DA:11,1
DA:12,1
DA:15,3
LF:9
LH:9
BRF:0
BRH:0
end_of_record
TN:
SF:src\utils\useOnlineOffline.js
FN:3,(anonymous_0)
FN:6,(anonymous_1)
FN:7,(anonymous_2)
FN:10,(anonymous_3)
FNF:4
FNH:2
FNDA:23,(anonymous_0)
FNDA:9,(anonymous_1)
FNDA:0,(anonymous_2)
FNDA:0,(anonymous_3)
DA:3,4
DA:4,23
DA:6,23
DA:7,9
DA:8,0
DA:10,9
DA:11,0
DA:14,23
LF:8
LH:6
BRF:0
BRH:0
end_of_record
